<html xmlns:math="http://exslt.org/math" xmlns:testng="http://testng.org">
   <head>
      <title>TestNG Results</title>
      <meta http-equiv="content-type" content="text/html; charset=utf-8"></meta>
      <meta http-equiv="pragma" content="no-cache"></meta>
      <meta http-equiv="cache-control" content="max-age=0"></meta>
      <meta http-equiv="cache-control" content="no-cache"></meta>
      <meta http-equiv="cache-control" content="no-store"></meta>
      <LINK rel="stylesheet" href="style.css"></LINK>
      <script type="text/javascript" src="main.js"></script>
   </head>
   <body>
      <table width="100%" style="font-size: 16px; margin-bottom: 10px;" cellspacing="1">
         <tr>
            <td width="100%">
               Test case
               
               <b>Default test</b>
            </td>
            <td style="background-color: #FFBBBB; padding: 3px 3px 3px 0;" align="center">
               <div style="width: 50px;">1</div>
            </td>
            <td style="background-color: lightgreen; padding: 3px 3px 3px 0;" align="center">
               <div style="width: 50px;">4</div>
            </td>
            <td style="background-color: #FFFFBB; padding: 3px 3px 3px 0;" align="center">
               <div style="width: 50px;">0</div>
            </td>
            <td align="center" style="background-color: #eaf0f7; padding: 3px 3px 3px 0;">
               <div style="width: 50px;">5</div>
            </td>
            <td align="center"
                style="font-weight: bold; background-color: #eaf0f7; padding: 3px 3px 3px 0;">
               <div style="width: 50px;">80%</div>
            </td>
            <td style="background-color: #eaf0f7; padding: 3px 3px 3px 0;" align="center"
                nowrap="true">1m
               26s
               
            </td>
         </tr>
      </table>
      <div style="width: 200px;">
         <label for="groupMethodsCheckBox" style="font-weight: bold; margin: 0;">
            <input id="groupMethodsCheckBox" type="checkbox" onclick="switchTestMethodsView(this)"
                   checked=""></input>
            Group by class
            
         </label>
         <br></br>
         <label for="methodsFilter_ALL" style="font-weight: bold; margin: 0;">
            <input id="methodsFilter_ALL" type="checkbox"
                   onclick="testMethodsFilterChanged(this, 'ALL')"
                   checked=""></input>
            All
            
         </label>
      </div>
      <label for="methodsFilter_FAIL" style="margin-left: 20px;">
         <input id="methodsFilter_FAIL" type="checkbox"
                onclick="testMethodsFilterChanged(this, 'FAIL')"
                checked=""></input>
         Failed
         
      </label>
      <label for="methodsFilter_PASS">
         <input id="methodsFilter_PASS" type="checkbox"
                onclick="testMethodsFilterChanged(this, 'PASS')"
                checked=""></input>
         Passed
         
      </label>
      <label for="methodsFilter_SKIP">
         <input id="methodsFilter_SKIP" type="checkbox"
                onclick="testMethodsFilterChanged(this, 'SKIP')"
                checked=""></input>
         Skipped
         
      </label>
      <label for="methodsFilter_CONF">
         <input id="methodsFilter_CONF" type="checkbox"
                onclick="testMethodsFilterChanged(this, 'CONF')"
                checked=""></input>
         Config
         
      </label>
      <br></br>
      <div id="testMethodsByStatus" style="display: none;">
         <table class="testMethodsTable" cellpadding="0" cellspacing="0">
            <tr class="methodsTableHeader">
               <td width="100%">Name</td>
               <td nowrap="true">Started</td>
               <td nowrap="true">Duration</td>
               <td>Exception</td>
            </tr>
            <tr id="SuitPackage.assertionexample_testcase1_byStatus_failed_FAIL1_row"
                class="testMethodStatusFAIL">
               <td width="100%" class="firstMethodCell">
                  <a onclick="toggleDetailsVisibility('SuitPackage.assertionexample_testcase1_byStatus_failed_FAIL1_details')">testcase1()</a>
               </td>
               <td nowrap="true">23:56:39</td>
               <td nowrap="true" align="right">15s
                  
               </td>
               <td nowrap="true">
                  <a onclick="toggleDetailsVisibility('SuitPackage.assertionexample_testcase1_byStatus_failed_FAIL1_exception')">java.lang.AssertionError: 
                     The following asserts failed:
                     expected [Facebook – log in or sign up] but found [facebook]
                     
                  </a>
                   
                  
               </td>
            </tr>
            <tr>
               <td colspan="4" class="detailsBox">
                  <div id="SuitPackage.assertionexample_testcase1_byStatus_failed_FAIL1_details"
                       class="testMethodDetails">
                     <div>
                        <b>Name: </b>testcase1
                     </div>
                     <div>
                        <b>Signature: </b>testcase1()[pri:0, instance:SuitPackage.assertionexample@3f6b0be5]
                     </div>
                     <div>
                        <b>Start time: </b>23:56:39
                     </div>
                     <div>
                        <b>End time: </b>23:56:54
                     </div>
                     <div>
                        <b>Duration: </b>15s
                        
                     </div>
                  </div>
               </td>
            </tr>
            <tr>
               <td colspan="4" class="detailsBox">
                  <div id="SuitPackage.assertionexample_testcase1_byStatus_failed_FAIL1_exception"
                       class="testMethodDetails">
                     <pre style="padding: 5px; margin: 0;">java.lang.AssertionError: The following asserts failed:
                        expected [Facebook – log in or sign up] but found [facebook]
                        at org.testng.asserts.SoftAssert.assertAll(SoftAssert.java:47)
                        at org.testng.asserts.SoftAssert.assertAll(SoftAssert.java:31)
                        at SuitPackage.assertionexample.testcase1(assertionexample.java:22)
                        at java.base/jdk.internal.reflect.NativeMethodAccessorImpl.invoke0(Native Method)
                        at java.base/jdk.internal.reflect.NativeMethodAccessorImpl.invoke(NativeMethodAccessorImpl.java:62)
                        at java.base/jdk.internal.reflect.DelegatingMethodAccessorImpl.invoke(DelegatingMethodAccessorImpl.java:43)
                        at java.base/java.lang.reflect.Method.invoke(Method.java:566)
                        at org.testng.internal.MethodInvocationHelper.invokeMethod(MethodInvocationHelper.java:135)
                        at org.testng.internal.TestInvoker.invokeMethod(TestInvoker.java:598)
                        at org.testng.internal.TestInvoker.invokeTestMethod(TestInvoker.java:174)
                        at org.testng.internal.MethodRunner.runInSequence(MethodRunner.java:46)
                        at org.testng.internal.TestInvoker$MethodInvocationAgent.invoke(TestInvoker.java:821)
                        at org.testng.internal.TestInvoker.invokeTestMethods(TestInvoker.java:147)
                        at org.testng.internal.TestMethodWorker.invokeTestMethods(TestMethodWorker.java:146)
                        at org.testng.internal.TestMethodWorker.run(TestMethodWorker.java:128)
                        at java.base/java.util.ArrayList.forEach(ArrayList.java:1540)
                        at org.testng.TestRunner.privateRun(TestRunner.java:767)
                        at org.testng.TestRunner.run(TestRunner.java:588)
                        at org.testng.SuiteRunner.runTest(SuiteRunner.java:384)
                        at org.testng.SuiteRunner.runSequentially(SuiteRunner.java:378)
                        at org.testng.SuiteRunner.privateRun(SuiteRunner.java:337)
                        at org.testng.SuiteRunner.run(SuiteRunner.java:286)
                        at org.testng.SuiteRunnerWorker.runSuite(SuiteRunnerWorker.java:53)
                        at org.testng.SuiteRunnerWorker.run(SuiteRunnerWorker.java:96)
                        at org.testng.TestNG.runSuitesSequentially(TestNG.java:1214)
                        at org.testng.TestNG.runSuitesLocally(TestNG.java:1136)
                        at org.testng.TestNG.runSuites(TestNG.java:1066)
                        at org.testng.TestNG.run(TestNG.java:1034)
                        at org.testng.remote.AbstractRemoteTestNG.run(AbstractRemoteTestNG.java:115)
                        at org.testng.remote.RemoteTestNG.initAndRun(RemoteTestNG.java:251)
                        at org.testng.remote.RemoteTestNG.main(RemoteTestNG.java:77)
                     </pre>
                  </div>
               </td>
            </tr>
            <tr id="SuitPackage.FacebookLogin_btestcase1_byStatus_passed_PASS1_row"
                class="testMethodStatusPASS">
               <td width="100%" class="firstMethodCell">
                  <a onclick="toggleDetailsVisibility('SuitPackage.FacebookLogin_btestcase1_byStatus_passed_PASS1_details')">btestcase1()</a>
               </td>
               <td nowrap="true">23:55:28</td>
               <td nowrap="true" align="right">16s
                  
               </td>
               <td nowrap="true">
                   
                  
               </td>
            </tr>
            <tr>
               <td colspan="4" class="detailsBox">
                  <div id="SuitPackage.FacebookLogin_btestcase1_byStatus_passed_PASS1_details"
                       class="testMethodDetails">
                     <div>
                        <b>Name: </b>btestcase1
                     </div>
                     <div>
                        <b>Signature: </b>btestcase1()[pri:1, instance:SuitPackage.FacebookLogin@6283d8b8]
                     </div>
                     <div>
                        <b>Start time: </b>23:55:28
                     </div>
                     <div>
                        <b>End time: </b>23:55:45
                     </div>
                     <div>
                        <b>Duration: </b>16s
                        
                     </div>
                  </div>
               </td>
            </tr>
            <tr></tr>
            <tr id="SuitPackage.FacebookLogin_ctestcase2_byStatus_passed_PASS2_row"
                class="testMethodStatusPASS">
               <td width="100%" class="firstMethodCell">
                  <a onclick="toggleDetailsVisibility('SuitPackage.FacebookLogin_ctestcase2_byStatus_passed_PASS2_details')">ctestcase2()</a>
               </td>
               <td nowrap="true">23:55:45</td>
               <td nowrap="true" align="right">15s
                  
               </td>
               <td nowrap="true">
                   
                  
               </td>
            </tr>
            <tr>
               <td colspan="4" class="detailsBox">
                  <div id="SuitPackage.FacebookLogin_ctestcase2_byStatus_passed_PASS2_details"
                       class="testMethodDetails">
                     <div>
                        <b>Name: </b>ctestcase2
                     </div>
                     <div>
                        <b>Signature: </b>ctestcase2()[pri:2, instance:SuitPackage.FacebookLogin@6283d8b8]
                     </div>
                     <div>
                        <b>Start time: </b>23:55:45
                     </div>
                     <div>
                        <b>End time: </b>23:56:00
                     </div>
                     <div>
                        <b>Duration: </b>15s
                        
                     </div>
                  </div>
               </td>
            </tr>
            <tr></tr>
            <tr id="SuitPackage.FacebookLogin_atestcase3_byStatus_passed_PASS3_row"
                class="testMethodStatusPASS">
               <td width="100%" class="firstMethodCell">
                  <a onclick="toggleDetailsVisibility('SuitPackage.FacebookLogin_atestcase3_byStatus_passed_PASS3_details')">atestcase3()</a>
               </td>
               <td nowrap="true">23:56:00</td>
               <td nowrap="true" align="right">23s
                  
               </td>
               <td nowrap="true">
                   
                  
               </td>
            </tr>
            <tr>
               <td colspan="4" class="detailsBox">
                  <div id="SuitPackage.FacebookLogin_atestcase3_byStatus_passed_PASS3_details"
                       class="testMethodDetails">
                     <div>
                        <b>Name: </b>atestcase3
                     </div>
                     <div>
                        <b>Signature: </b>atestcase3()[pri:3, instance:SuitPackage.FacebookLogin@6283d8b8]
                     </div>
                     <div>
                        <b>Start time: </b>23:56:00
                     </div>
                     <div>
                        <b>End time: </b>23:56:23
                     </div>
                     <div>
                        <b>Duration: </b>23s
                        
                     </div>
                  </div>
               </td>
            </tr>
            <tr></tr>
            <tr id="SuitPackage.AssertDemo_testCase1_byStatus_passed_PASS4_row"
                class="testMethodStatusPASS">
               <td width="100%" class="firstMethodCell">
                  <a onclick="toggleDetailsVisibility('SuitPackage.AssertDemo_testCase1_byStatus_passed_PASS4_details')">testCase1()</a>
               </td>
               <td nowrap="true">23:56:23</td>
               <td nowrap="true" align="right">15s
                  
               </td>
               <td nowrap="true">
                   
                  
               </td>
            </tr>
            <tr>
               <td colspan="4" class="detailsBox">
                  <div id="SuitPackage.AssertDemo_testCase1_byStatus_passed_PASS4_details"
                       class="testMethodDetails">
                     <div>
                        <b>Name: </b>testCase1
                     </div>
                     <div>
                        <b>Signature: </b>testCase1()[pri:0, instance:SuitPackage.AssertDemo@3b6ddd1d]
                     </div>
                     <div>
                        <b>Start time: </b>23:56:23
                     </div>
                     <div>
                        <b>End time: </b>23:56:39
                     </div>
                     <div>
                        <b>Duration: </b>15s
                        
                     </div>
                  </div>
               </td>
            </tr>
            <tr></tr>
         </table>
      </div>
      <div id="testMethodsByClass">
         <table class="testMethodsTable" cellpadding="0" cellspacing="0">
            <tr>
               <td colspan="4">
                  <h3 style="display: inline;">SuitPackage.AssertDemo</h3>
               </td>
            </tr>
            <tr class="methodsTableHeader">
               <td width="100%">Name</td>
               <td nowrap="true">Started</td>
               <td nowrap="true">Duration</td>
               <td>Exception</td>
            </tr>
            <tr id="SuitPackage.AssertDemo_testCase1_byClass_PASS1_row"
                class="testMethodStatusPASS">
               <td width="100%" class="firstMethodCell">
                  <a onclick="toggleDetailsVisibility('SuitPackage.AssertDemo_testCase1_byClass_PASS1_details')">testCase1()</a>
               </td>
               <td nowrap="true">23:56:23</td>
               <td nowrap="true" align="right">15s
                  
               </td>
               <td nowrap="true">
                   
                  
               </td>
            </tr>
            <tr>
               <td colspan="4" class="detailsBox">
                  <div id="SuitPackage.AssertDemo_testCase1_byClass_PASS1_details"
                       class="testMethodDetails">
                     <div>
                        <b>Name: </b>testCase1
                     </div>
                     <div>
                        <b>Signature: </b>testCase1()[pri:0, instance:SuitPackage.AssertDemo@3b6ddd1d]
                     </div>
                     <div>
                        <b>Start time: </b>23:56:23
                     </div>
                     <div>
                        <b>End time: </b>23:56:39
                     </div>
                     <div>
                        <b>Duration: </b>15s
                        
                     </div>
                  </div>
               </td>
            </tr>
            <tr></tr>
         </table>
         <br></br>
         <table class="testMethodsTable" cellpadding="0" cellspacing="0">
            <tr>
               <td colspan="4">
                  <h3 style="display: inline;">SuitPackage.assertionexample</h3>
               </td>
            </tr>
            <tr class="methodsTableHeader">
               <td width="100%">Name</td>
               <td nowrap="true">Started</td>
               <td nowrap="true">Duration</td>
               <td>Exception</td>
            </tr>
            <tr id="SuitPackage.assertionexample_testcase1_byClass_FAIL1_row"
                class="testMethodStatusFAIL">
               <td width="100%" class="firstMethodCell">
                  <a onclick="toggleDetailsVisibility('SuitPackage.assertionexample_testcase1_byClass_FAIL1_details')">testcase1()</a>
               </td>
               <td nowrap="true">23:56:39</td>
               <td nowrap="true" align="right">15s
                  
               </td>
               <td nowrap="true">
                  <a onclick="toggleDetailsVisibility('SuitPackage.assertionexample_testcase1_byClass_FAIL1_exception')">java.lang.AssertionError: 
                     The following asserts failed:
                     expected [Facebook – log in or sign up] but found [facebook]
                     
                  </a>
                   
                  
               </td>
            </tr>
            <tr>
               <td colspan="4" class="detailsBox">
                  <div id="SuitPackage.assertionexample_testcase1_byClass_FAIL1_details"
                       class="testMethodDetails">
                     <div>
                        <b>Name: </b>testcase1
                     </div>
                     <div>
                        <b>Signature: </b>testcase1()[pri:0, instance:SuitPackage.assertionexample@3f6b0be5]
                     </div>
                     <div>
                        <b>Start time: </b>23:56:39
                     </div>
                     <div>
                        <b>End time: </b>23:56:54
                     </div>
                     <div>
                        <b>Duration: </b>15s
                        
                     </div>
                  </div>
               </td>
            </tr>
            <tr>
               <td colspan="4" class="detailsBox">
                  <div id="SuitPackage.assertionexample_testcase1_byClass_FAIL1_exception"
                       class="testMethodDetails">
                     <pre style="padding: 5px; margin: 0;">java.lang.AssertionError: The following asserts failed:
                        expected [Facebook – log in or sign up] but found [facebook]
                        at org.testng.asserts.SoftAssert.assertAll(SoftAssert.java:47)
                        at org.testng.asserts.SoftAssert.assertAll(SoftAssert.java:31)
                        at SuitPackage.assertionexample.testcase1(assertionexample.java:22)
                        at java.base/jdk.internal.reflect.NativeMethodAccessorImpl.invoke0(Native Method)
                        at java.base/jdk.internal.reflect.NativeMethodAccessorImpl.invoke(NativeMethodAccessorImpl.java:62)
                        at java.base/jdk.internal.reflect.DelegatingMethodAccessorImpl.invoke(DelegatingMethodAccessorImpl.java:43)
                        at java.base/java.lang.reflect.Method.invoke(Method.java:566)
                        at org.testng.internal.MethodInvocationHelper.invokeMethod(MethodInvocationHelper.java:135)
                        at org.testng.internal.TestInvoker.invokeMethod(TestInvoker.java:598)
                        at org.testng.internal.TestInvoker.invokeTestMethod(TestInvoker.java:174)
                        at org.testng.internal.MethodRunner.runInSequence(MethodRunner.java:46)
                        at org.testng.internal.TestInvoker$MethodInvocationAgent.invoke(TestInvoker.java:821)
                        at org.testng.internal.TestInvoker.invokeTestMethods(TestInvoker.java:147)
                        at org.testng.internal.TestMethodWorker.invokeTestMethods(TestMethodWorker.java:146)
                        at org.testng.internal.TestMethodWorker.run(TestMethodWorker.java:128)
                        at java.base/java.util.ArrayList.forEach(ArrayList.java:1540)
                        at org.testng.TestRunner.privateRun(TestRunner.java:767)
                        at org.testng.TestRunner.run(TestRunner.java:588)
                        at org.testng.SuiteRunner.runTest(SuiteRunner.java:384)
                        at org.testng.SuiteRunner.runSequentially(SuiteRunner.java:378)
                        at org.testng.SuiteRunner.privateRun(SuiteRunner.java:337)
                        at org.testng.SuiteRunner.run(SuiteRunner.java:286)
                        at org.testng.SuiteRunnerWorker.runSuite(SuiteRunnerWorker.java:53)
                        at org.testng.SuiteRunnerWorker.run(SuiteRunnerWorker.java:96)
                        at org.testng.TestNG.runSuitesSequentially(TestNG.java:1214)
                        at org.testng.TestNG.runSuitesLocally(TestNG.java:1136)
                        at org.testng.TestNG.runSuites(TestNG.java:1066)
                        at org.testng.TestNG.run(TestNG.java:1034)
                        at org.testng.remote.AbstractRemoteTestNG.run(AbstractRemoteTestNG.java:115)
                        at org.testng.remote.RemoteTestNG.initAndRun(RemoteTestNG.java:251)
                        at org.testng.remote.RemoteTestNG.main(RemoteTestNG.java:77)
                     </pre>
                  </div>
               </td>
            </tr>
         </table>
         <br></br>
         <table class="testMethodsTable" cellpadding="0" cellspacing="0">
            <tr>
               <td colspan="4">
                  <h3 style="display: inline;">SuitPackage.FacebookLogin</h3>
               </td>
            </tr>
            <tr class="methodsTableHeader">
               <td width="100%">Name</td>
               <td nowrap="true">Started</td>
               <td nowrap="true">Duration</td>
               <td>Exception</td>
            </tr>
            <tr id="SuitPackage.FacebookLogin_btestcase1_byClass_PASS1_row"
                class="testMethodStatusPASS">
               <td width="100%" class="firstMethodCell">
                  <a onclick="toggleDetailsVisibility('SuitPackage.FacebookLogin_btestcase1_byClass_PASS1_details')">btestcase1()</a>
               </td>
               <td nowrap="true">23:55:28</td>
               <td nowrap="true" align="right">16s
                  
               </td>
               <td nowrap="true">
                   
                  
               </td>
            </tr>
            <tr>
               <td colspan="4" class="detailsBox">
                  <div id="SuitPackage.FacebookLogin_btestcase1_byClass_PASS1_details"
                       class="testMethodDetails">
                     <div>
                        <b>Name: </b>btestcase1
                     </div>
                     <div>
                        <b>Signature: </b>btestcase1()[pri:1, instance:SuitPackage.FacebookLogin@6283d8b8]
                     </div>
                     <div>
                        <b>Start time: </b>23:55:28
                     </div>
                     <div>
                        <b>End time: </b>23:55:45
                     </div>
                     <div>
                        <b>Duration: </b>16s
                        
                     </div>
                  </div>
               </td>
            </tr>
            <tr></tr>
            <tr id="SuitPackage.FacebookLogin_ctestcase2_byClass_PASS2_row"
                class="testMethodStatusPASS">
               <td width="100%" class="firstMethodCell">
                  <a onclick="toggleDetailsVisibility('SuitPackage.FacebookLogin_ctestcase2_byClass_PASS2_details')">ctestcase2()</a>
               </td>
               <td nowrap="true">23:55:45</td>
               <td nowrap="true" align="right">15s
                  
               </td>
               <td nowrap="true">
                   
                  
               </td>
            </tr>
            <tr>
               <td colspan="4" class="detailsBox">
                  <div id="SuitPackage.FacebookLogin_ctestcase2_byClass_PASS2_details"
                       class="testMethodDetails">
                     <div>
                        <b>Name: </b>ctestcase2
                     </div>
                     <div>
                        <b>Signature: </b>ctestcase2()[pri:2, instance:SuitPackage.FacebookLogin@6283d8b8]
                     </div>
                     <div>
                        <b>Start time: </b>23:55:45
                     </div>
                     <div>
                        <b>End time: </b>23:56:00
                     </div>
                     <div>
                        <b>Duration: </b>15s
                        
                     </div>
                  </div>
               </td>
            </tr>
            <tr></tr>
            <tr id="SuitPackage.FacebookLogin_atestcase3_byClass_PASS3_row"
                class="testMethodStatusPASS">
               <td width="100%" class="firstMethodCell">
                  <a onclick="toggleDetailsVisibility('SuitPackage.FacebookLogin_atestcase3_byClass_PASS3_details')">atestcase3()</a>
               </td>
               <td nowrap="true">23:56:00</td>
               <td nowrap="true" align="right">23s
                  
               </td>
               <td nowrap="true">
                   
                  
               </td>
            </tr>
            <tr>
               <td colspan="4" class="detailsBox">
                  <div id="SuitPackage.FacebookLogin_atestcase3_byClass_PASS3_details"
                       class="testMethodDetails">
                     <div>
                        <b>Name: </b>atestcase3
                     </div>
                     <div>
                        <b>Signature: </b>atestcase3()[pri:3, instance:SuitPackage.FacebookLogin@6283d8b8]
                     </div>
                     <div>
                        <b>Start time: </b>23:56:00
                     </div>
                     <div>
                        <b>End time: </b>23:56:23
                     </div>
                     <div>
                        <b>Duration: </b>23s
                        
                     </div>
                  </div>
               </td>
            </tr>
            <tr></tr>
         </table>
         <br></br>
      </div>
      <div style="margin-top: 15px; color: gray; text-align: center; font-size: 9px;">
         Generated with
         
         <a href="http://code.google.com/p/testng-xslt/" style="color: #8888aa;"
            target="_blank">
            TestNG XSLT
            
         </a>
      </div>
   </body>
</html>