<?xml version="1.0" encoding="UTF-8"?>
<!-- Generated by org.testng.reporters.JUnitXMLReporter -->
<testsuite ignored="0" hostname="DESKTOP-KJRU1NJ" failures="4" tests="5" name="Test" time="32.515" errors="0" timestamp="2020-03-27T23:45:27 IST">
  <testcase classname="SuitPackage.assertionexample" name="testcase1" time="17.479">
    <failure type="java.lang.AssertionError" message="The following asserts failed:
	expected [Facebook – log in or sign up] but found [facebook]">
      <![CDATA[java.lang.AssertionError: The following asserts failed:
expected [Facebook – log in or sign up] but found [facebook]
at SuitPackage.assertionexample.testcase1(assertionexample.java:22)
at java.base/java.util.ArrayList.forEach(ArrayList.java:1540)
... Removed 29 stack frames]]>
    </failure>
  </testcase> <!-- testcase1 -->
  <testcase classname="SuitPackage.FacebookLogin" name="btestcase1" time="0.007">
    <failure type="java.lang.IllegalStateException" message="The driver executable is a directory: E:\Software Testing\Driver\chromedriver_win32">
      <![CDATA[java.lang.IllegalStateException: The driver executable is a directory: E:\Software Testing\Driver\chromedriver_win32
at com.google.common.base.Preconditions.checkState(Preconditions.java:585)
at org.openqa.selenium.remote.service.DriverService.checkExecutable(DriverService.java:148)
at org.openqa.selenium.remote.service.DriverService.findExecutable(DriverService.java:141)
at org.openqa.selenium.chrome.ChromeDriverService.access$000(ChromeDriverService.java:35)
at org.openqa.selenium.chrome.ChromeDriverService$Builder.findDefaultExecutable(ChromeDriverService.java:159)
at org.openqa.selenium.remote.service.DriverService$Builder.build(DriverService.java:355)
at org.openqa.selenium.chrome.ChromeDriverService.createDefaultService(ChromeDriverService.java:94)
at org.openqa.selenium.chrome.ChromeDriver.<init>(ChromeDriver.java:123)
at SuitPackage.FacebookLogin.btestcase1(FacebookLogin.java:14)
at java.base/java.util.ArrayList.forEach(ArrayList.java:1540)
... Removed 27 stack frames]]>
    </failure>
  </testcase> <!-- btestcase1 -->
  <testcase classname="SuitPackage.FacebookLogin" name="ctestcase2" time="0.011">
    <failure type="java.lang.IllegalStateException" message="The driver executable is a directory: E:\Software Testing\Driver\chromedriver_win32">
      <![CDATA[java.lang.IllegalStateException: The driver executable is a directory: E:\Software Testing\Driver\chromedriver_win32
at com.google.common.base.Preconditions.checkState(Preconditions.java:585)
at org.openqa.selenium.remote.service.DriverService.checkExecutable(DriverService.java:148)
at org.openqa.selenium.remote.service.DriverService.findExecutable(DriverService.java:141)
at org.openqa.selenium.chrome.ChromeDriverService.access$000(ChromeDriverService.java:35)
at org.openqa.selenium.chrome.ChromeDriverService$Builder.findDefaultExecutable(ChromeDriverService.java:159)
at org.openqa.selenium.remote.service.DriverService$Builder.build(DriverService.java:355)
at org.openqa.selenium.chrome.ChromeDriverService.createDefaultService(ChromeDriverService.java:94)
at org.openqa.selenium.chrome.ChromeDriver.<init>(ChromeDriver.java:123)
at SuitPackage.FacebookLogin.ctestcase2(FacebookLogin.java:23)
at java.base/java.util.ArrayList.forEach(ArrayList.java:1540)
... Removed 27 stack frames]]>
    </failure>
  </testcase> <!-- ctestcase2 -->
  <testcase classname="SuitPackage.FacebookLogin" name="atestcase3" time="0.017">
    <failure type="java.lang.IllegalStateException" message="The driver executable is a directory: E:\software Testing\Driver\chromedriver_win32">
      <![CDATA[java.lang.IllegalStateException: The driver executable is a directory: E:\software Testing\Driver\chromedriver_win32
at com.google.common.base.Preconditions.checkState(Preconditions.java:585)
at org.openqa.selenium.remote.service.DriverService.checkExecutable(DriverService.java:148)
at org.openqa.selenium.remote.service.DriverService.findExecutable(DriverService.java:141)
at org.openqa.selenium.chrome.ChromeDriverService.access$000(ChromeDriverService.java:35)
at org.openqa.selenium.chrome.ChromeDriverService$Builder.findDefaultExecutable(ChromeDriverService.java:159)
at org.openqa.selenium.remote.service.DriverService$Builder.build(DriverService.java:355)
at org.openqa.selenium.chrome.ChromeDriverService.createDefaultService(ChromeDriverService.java:94)
at org.openqa.selenium.chrome.ChromeDriver.<init>(ChromeDriver.java:123)
at SuitPackage.FacebookLogin.atestcase3(FacebookLogin.java:32)
at java.base/java.util.ArrayList.forEach(ArrayList.java:1540)
... Removed 27 stack frames]]>
    </failure>
  </testcase> <!-- atestcase3 -->
  <testcase classname="SuitPackage.AssertDemo" name="testCase1" time="14.93"/>
</testsuite> <!-- Test -->
